<?xml version="1.0" encoding="UTF-8"?>
<!-- Generated by org.testng.reporters.JUnitReportReporter -->
<testsuite hostname="DESKTOP-TUSOF9V" failures="0" tests="3" name="testng.Demo" time="78.690" errors="0" timestamp="2022-10-27T20:00:10 IST" skipped="0">
  <testcase classname="testng.Demo" name="tcl" time="27.145"/>
  <system-out/>
  <testcase classname="testng.Demo" name="tcl" time="32.922"/>
  <system-out/>
  <testcase classname="testng.Demo" name="tcl" time="18.623"/>
  <system-out/>
</testsuite> <!-- testng.Demo -->
