<?xml version="1.0" encoding="UTF-8"?>
<!-- Generated by org.testng.reporters.JUnitReportReporter -->
<testsuite hostname="DESKTOP-TUSOF9V" failures="0" tests="6" name="testng.Test3" time="0.014" errors="0" timestamp="2022-10-20T21:00:28 IST" skipped="1">
  <testcase classname="testng.Test3" name="calls" time="0.002"/>
  <system-out>
    <![CDATA[calls]]>
  </system-out>
  <testcase classname="testng.Test3" name="calls" time="0.009"/>
  <system-out>
    <![CDATA[calls]]>
  </system-out>
  <testcase classname="testng.Test3" name="calls" time="0.001"/>
  <system-out>
    <![CDATA[calls]]>
  </system-out>
  <testcase classname="testng.Test3" name="calls" time="0.001"/>
  <system-out>
    <![CDATA[calls]]>
  </system-out>
  <testcase classname="testng.Test3" name="chats" time="0.001"/>
  <system-out>
    <![CDATA[chats]]>
  </system-out>
  <testcase classname="testng.Test3" name="settings">
    <skipped/>
  </testcase> <!-- settings -->
  <system-out/>
</testsuite> <!-- testng.Test3 -->
