<?xml version="1.0" encoding="UTF-8"?>
<!-- Generated by org.testng.reporters.JUnitReportReporter -->
<testsuite hostname="DESKTOP-TUSOF9V" failures="0" tests="3" name="testng.Test1" time="0.032" errors="0" timestamp="2022-10-20T20:26:44 IST" skipped="0">
  <testcase classname="testng.Test1" name="chats" time="0.030"/>
  <system-out>
    <![CDATA[chats]]>
  </system-out>
  <testcase classname="testng.Test1" name="calls" time="0.001"/>
  <system-out>
    <![CDATA[calls]]>
  </system-out>
  <testcase classname="testng.Test1" name="settings" time="0.001"/>
  <system-out>
    <![CDATA[settings]]>
  </system-out>
</testsuite> <!-- testng.Test1 -->
