<?xml version="1.0" encoding="UTF-8"?>
<!-- Generated by org.testng.reporters.JUnitReportReporter -->
<testsuite hostname="DESKTOP-TUSOF9V" failures="0" tests="1" name="testng.Testcase1" time="15.611" errors="0" timestamp="2022-10-26T18:33:43 IST" skipped="0">
  <testcase classname="testng.Testcase1" name="login" time="15.611"/>
  <system-out>
    <![CDATA[actiTIME - Login
https://demo.actitime.com/login.do]]>
  </system-out>
</testsuite> <!-- testng.Testcase1 -->
