<?xml version="1.0" encoding="UTF-8"?>
<!-- Generated by org.testng.reporters.JUnitReportReporter -->
<testsuite hostname="DESKTOP-TUSOF9V" failures="0" tests="1" name="testng.Testcase2" time="34.897" errors="0" timestamp="2022-10-23T12:32:44 IST" skipped="0">
  <testcase classname="testng.Testcase2" name="forgotPassword" time="34.897"/>
  <system-out>
    <![CDATA[actiTIME - Login
https://demo.actitime.com/login.do]]>
  </system-out>
</testsuite> <!-- testng.Testcase2 -->
