<?xml version="1.0" encoding="UTF-8"?>
<!-- Generated by org.testng.reporters.JUnitReportReporter -->
<testsuite hostname="DESKTOP-TUSOF9V" failures="0" tests="1" name="testng.Test0" time="0.013" errors="0" timestamp="2022-10-20T20:09:16 IST" skipped="0">
  <testcase classname="testng.Test0" name="demo" time="0.013"/>
  <system-out>
    <![CDATA[Hello Selenium
Hello Java]]>
  </system-out>
</testsuite> <!-- testng.Test0 -->
